Determining if the pthread_create exist failed with the following output:
Change Dir: /home/yue/demo/build/CMakeFiles/CMakeTmp

Run Build Command:"/usr/bin/make" "cmTC_d4fea/fast"
/usr/bin/make -f CMakeFiles/cmTC_d4fea.dir/build.make CMakeFiles/cmTC_d4fea.dir/build
make[1]: Entering directory '/home/yue/demo/build/CMakeFiles/CMakeTmp'
Building C object CMakeFiles/cmTC_d4fea.dir/CheckSymbolExists.c.o
/usr/bin/cc     -o CMakeFiles/cmTC_d4fea.dir/CheckSymbolExists.c.o   -c /home/yue/demo/build/CMakeFiles/CMakeTmp/CheckSymbolExists.c
Linking C executable cmTC_d4fea
/usr/bin/cmake -E cmake_link_script CMakeFiles/cmTC_d4fea.dir/link.txt --verbose=1
/usr/bin/cc       CMakeFiles/cmTC_d4fea.dir/CheckSymbolExists.c.o  -o cmTC_d4fea -rdynamic 
CMakeFiles/cmTC_d4fea.dir/CheckSymbolExists.c.o：在函数‘main’中：
CheckSymbolExists.c:(.text+0x16)：对‘pthread_create’未定义的引用
collect2: error: ld returned 1 exit status
CMakeFiles/cmTC_d4fea.dir/build.make:97: recipe for target 'cmTC_d4fea' failed
make[1]: *** [cmTC_d4fea] Error 1
make[1]: Leaving directory '/home/yue/demo/build/CMakeFiles/CMakeTmp'
Makefile:126: recipe for target 'cmTC_d4fea/fast' failed
make: *** [cmTC_d4fea/fast] Error 2

File /home/yue/demo/build/CMakeFiles/CMakeTmp/CheckSymbolExists.c:
/* */
#include <pthread.h>

int main(int argc, char** argv)
{
  (void)argv;
#ifndef pthread_create
  return ((int*)(&pthread_create))[argc];
#else
  (void)argc;
  return 0;
#endif
}

Determining if the function pthread_create exists in the pthreads failed with the following output:
Change Dir: /home/yue/demo/build/CMakeFiles/CMakeTmp

Run Build Command:"/usr/bin/make" "cmTC_5f50f/fast"
/usr/bin/make -f CMakeFiles/cmTC_5f50f.dir/build.make CMakeFiles/cmTC_5f50f.dir/build
make[1]: Entering directory '/home/yue/demo/build/CMakeFiles/CMakeTmp'
Building C object CMakeFiles/cmTC_5f50f.dir/CheckFunctionExists.c.o
/usr/bin/cc    -DCHECK_FUNCTION_EXISTS=pthread_create   -o CMakeFiles/cmTC_5f50f.dir/CheckFunctionExists.c.o   -c /usr/share/cmake-3.5/Modules/CheckFunctionExists.c
Linking C executable cmTC_5f50f
/usr/bin/cmake -E cmake_link_script CMakeFiles/cmTC_5f50f.dir/link.txt --verbose=1
/usr/bin/cc   -DCHECK_FUNCTION_EXISTS=pthread_create    CMakeFiles/cmTC_5f50f.dir/CheckFunctionExists.c.o  -o cmTC_5f50f -rdynamic -lpthreads 
/usr/bin/ld: 找不到 -lpthreads
collect2: error: ld returned 1 exit status
CMakeFiles/cmTC_5f50f.dir/build.make:97: recipe for target 'cmTC_5f50f' failed
make[1]: *** [cmTC_5f50f] Error 1
make[1]: Leaving directory '/home/yue/demo/build/CMakeFiles/CMakeTmp'
Makefile:126: recipe for target 'cmTC_5f50f/fast' failed
make: *** [cmTC_5f50f/fast] Error 2


